<?xml version="1.0" encoding="UTF-8"?>
<!-- Generated by org.testng.reporters.JUnitReportReporter -->
<testsuite hostname="ip-10-0-0-90.ap-southeast-2.compute.internal" failures="0" tests="1" name="HomePage" time="7.411" errors="0" timestamp="2022-06-26T13:16:11 AEST" skipped="0">
  <testcase classname="HomePage" name="loginInout" time="7.411"/>
  <system-out/>
</testsuite> <!-- HomePage -->
